Starting the 'Apache2.4' service
[Wed Oct 02 17:26:33.653805 2024] [mpm_winnt:crit] [pid 33984:tid 376] (OS 2)Le fichier spécifié est introuvable.  : AH00378: Failed to start the 'Apache2.4' service
Starting the 'Apache2.4' service
[Wed Oct 02 17:29:49.459828 2024] [mpm_winnt:crit] [pid 14308:tid 372] (OS 2)Le fichier spécifié est introuvable.  : AH00378: Failed to start the 'Apache2.4' service
Starting the 'Apache2.4' service
[Wed Oct 02 17:33:45.398949 2024] [mpm_winnt:crit] [pid 2680:tid 372] (OS 2)Le fichier spécifié est introuvable.  : AH00378: Failed to start the 'Apache2.4' service
Starting the 'Apache2.4' service
[Wed Oct 02 17:33:51.643086 2024] [mpm_winnt:crit] [pid 36288:tid 372] (OS 2)Le fichier spécifié est introuvable.  : AH00378: Failed to start the 'Apache2.4' service
Starting the 'Apache2.4' service
[Wed Oct 02 17:36:28.620639 2024] [mpm_winnt:crit] [pid 31004:tid 372] (OS 2)Le fichier spécifié est introuvable.  : AH00378: Failed to start the 'Apache2.4' service
Starting the 'Apache2.4' service
The 'Apache2.4' service is running.
 load dynamic library 'intl' (tried: C:\\tools\\php8.3.12\\ext\\intl (Le module sp\xc3\xa9cifi\xc3\xa9 est introuvable), C:\\tools\\php8.3.12\\ext\\php_intl.dll (Le module sp\xc3\xa9cifi\xc3\xa9 est introuvable)) in Unknown on line 0
[Wed Oct 02 17:37:14.567052 2024] [mpm_winnt:notice] [pid 32856:tid 352] AH00455: Apache/2.4.62 (Win64) PHP/8.3.12 configured -- resuming normal operations
[Wed Oct 02 17:37:14.567052 2024] [mpm_winnt:notice] [pid 32856:tid 352] AH00456: Apache Lounge VS17 Server built: Sep  4 2024 10:31:52
[Wed Oct 02 17:37:14.567052 2024] [core:notice] [pid 32856:tid 352] AH00094: Command line: 'C:\\tools\\Apache24\\bin\\httpd.exe -d C:/tools/Apache24'
[Wed Oct 02 17:37:14.571052 2024] [mpm_winnt:notice] [pid 32856:tid 352] AH00418: Parent: Created child process 33820
PHP Warning:  PHP Startup: Unable to load dynamic library 'intl' (tried: C:\\tools\\php8.3.12\\ext\\intl (Le module sp\xc3\xa9cifi\xc3\xa9 est introuvable), C:\\tools\\php8.3.12\\ext\\php_intl.dll (Le module sp\xc3\xa9cifi\xc3\xa9 est introuvable)) in Unknown on line 0
[Wed Oct 02 17:37:15.009523 2024] [mpm_winnt:notice] [pid 33820:tid 368] AH00354: Child: Starting 64 worker threads.
[Wed Oct 02 17:37:28.685310 2024] [mpm_winnt:notice] [pid 32856:tid 352] AH00422: Parent: Received shutdown signal -- Shutting down the server.
[Wed Oct 02 17:37:30.706759 2024] [mpm_winnt:notice] [pid 33820:tid 368] AH00364: Child: All worker threads have exited.
[Wed Oct 02 17:37:30.726269 2024] [mpm_winnt:notice] [pid 32856:tid 352] AH00430: Parent: Child process 33820 exited successfully.
Starting the 'Apache2.4' service
The 'Apache2.4' service is running.
 load dynamic library 'intl' (tried: C:\\tools\\php8.3.12\\ext\\intl (Le module sp\xc3\xa9cifi\xc3\xa9 est introuvable), C:\\tools\\php8.3.12\\ext\\php_intl.dll (Le module sp\xc3\xa9cifi\xc3\xa9 est introuvable)) in Unknown on line 0
[Wed Oct 02 17:37:51.151102 2024] [mpm_winnt:notice] [pid 35668:tid 352] AH00455: Apache/2.4.62 (Win64) PHP/8.3.12 configured -- resuming normal operations
[Wed Oct 02 17:37:51.151102 2024] [mpm_winnt:notice] [pid 35668:tid 352] AH00456: Apache Lounge VS17 Server built: Sep  4 2024 10:31:52
[Wed Oct 02 17:37:51.151102 2024] [core:notice] [pid 35668:tid 352] AH00094: Command line: 'C:\\tools\\Apache24\\bin\\httpd.exe -d C:/tools/Apache24'
[Wed Oct 02 17:37:51.155138 2024] [mpm_winnt:notice] [pid 35668:tid 352] AH00418: Parent: Created child process 28564
PHP Warning:  PHP Startup: Unable to load dynamic library 'intl' (tried: C:\\tools\\php8.3.12\\ext\\intl (Le module sp\xc3\xa9cifi\xc3\xa9 est introuvable), C:\\tools\\php8.3.12\\ext\\php_intl.dll (Le module sp\xc3\xa9cifi\xc3\xa9 est introuvable)) in Unknown on line 0
[Wed Oct 02 17:37:51.623317 2024] [mpm_winnt:notice] [pid 28564:tid 368] AH00354: Child: Starting 64 worker threads.
[Wed Oct 02 17:51:16.272508 2024] [mpm_winnt:notice] [pid 35668:tid 352] AH00422: Parent: Received shutdown signal -- Shutting down the server.
[Wed Oct 02 17:51:19.261244 2024] [mpm_winnt:notice] [pid 28564:tid 368] AH00364: Child: All worker threads have exited.
[Wed Oct 02 17:51:19.284060 2024] [mpm_winnt:notice] [pid 35668:tid 352] AH00430: Parent: Child process 28564 exited successfully.
Starting the 'Apache2.4' service
The 'Apache2.4' service is running.
 load dynamic library 'intl' (tried: C:\\tools\\php8.3.12\\ext\\intl (Le module sp\xc3\xa9cifi\xc3\xa9 est introuvable), C:\\tools\\php8.3.12\\ext\\php_intl.dll (Le module sp\xc3\xa9cifi\xc3\xa9 est introuvable)) in Unknown on line 0
[Wed Oct 02 17:51:35.361410 2024] [mpm_winnt:notice] [pid 32012:tid 352] AH00455: Apache/2.4.62 (Win64) PHP/8.3.12 configured -- resuming normal operations
[Wed Oct 02 17:51:35.361410 2024] [mpm_winnt:notice] [pid 32012:tid 352] AH00456: Apache Lounge VS17 Server built: Sep  4 2024 10:31:52
[Wed Oct 02 17:51:35.361410 2024] [core:notice] [pid 32012:tid 352] AH00094: Command line: 'C:\\tools\\Apache24\\bin\\httpd.exe -d C:/tools/Apache24'
[Wed Oct 02 17:51:35.364372 2024] [mpm_winnt:notice] [pid 32012:tid 352] AH00418: Parent: Created child process 12640
PHP Warning:  PHP Startup: Unable to load dynamic library 'intl' (tried: C:\\tools\\php8.3.12\\ext\\intl (Le module sp\xc3\xa9cifi\xc3\xa9 est introuvable), C:\\tools\\php8.3.12\\ext\\php_intl.dll (Le module sp\xc3\xa9cifi\xc3\xa9 est introuvable)) in Unknown on line 0
[Wed Oct 02 17:51:35.827837 2024] [mpm_winnt:notice] [pid 12640:tid 368] AH00354: Child: Starting 64 worker threads.
[Wed Oct 02 17:51:38.280424 2024] [mpm_winnt:notice] [pid 32012:tid 352] AH00422: Parent: Received shutdown signal -- Shutting down the server.
[Wed Oct 02 17:51:45.081623 2024] [mpm_winnt:notice] [pid 12640:tid 368] AH00364: Child: All worker threads have exited.
[Wed Oct 02 17:51:45.104232 2024] [mpm_winnt:notice] [pid 32012:tid 352] AH00430: Parent: Child process 12640 exited successfully.
Starting the 'Apache2.4' service
The 'Apache2.4' service is running.
 load dynamic library 'intl' (tried: C:\\tools\\php8.3.12\\ext\\intl (Le module sp\xc3\xa9cifi\xc3\xa9 est introuvable), C:\\tools\\php8.3.12\\ext\\php_intl.dll (Le module sp\xc3\xa9cifi\xc3\xa9 est introuvable)) in Unknown on line 0
[Wed Oct 02 17:52:00.493744 2024] [mpm_winnt:notice] [pid 35100:tid 388] AH00455: Apache/2.4.62 (Win64) PHP/8.3.12 configured -- resuming normal operations
[Wed Oct 02 17:52:00.493744 2024] [mpm_winnt:notice] [pid 35100:tid 388] AH00456: Apache Lounge VS17 Server built: Sep  4 2024 10:31:52
[Wed Oct 02 17:52:00.493744 2024] [core:notice] [pid 35100:tid 388] AH00094: Command line: 'C:\\tools\\Apache24\\bin\\httpd.exe -d C:/tools/Apache24'
[Wed Oct 02 17:52:00.498260 2024] [mpm_winnt:notice] [pid 35100:tid 388] AH00418: Parent: Created child process 11908
PHP Warning:  PHP Startup: Unable to load dynamic library 'intl' (tried: C:\\tools\\php8.3.12\\ext\\intl (Le module sp\xc3\xa9cifi\xc3\xa9 est introuvable), C:\\tools\\php8.3.12\\ext\\php_intl.dll (Le module sp\xc3\xa9cifi\xc3\xa9 est introuvable)) in Unknown on line 0
[Wed Oct 02 17:52:00.920780 2024] [mpm_winnt:notice] [pid 11908:tid 368] AH00354: Child: Starting 64 worker threads.
[Wed Oct 02 17:54:45.242400 2024] [php:warn] [pid 11908:tid 1204] [client ::1:43816] PHP Warning:  scandir(projets): Le fichier sp\xc3\xa9cifi\xc3\xa9 est introuvab (code: 2) in C:\\tools\\www\\index.php on line 14, referer: http://localhost/
[Wed Oct 02 17:54:45.242400 2024] [php:warn] [pid 11908:tid 1204] [client ::1:43816] PHP Warning:  scandir(projets): Failed to open directory: No such file or directory in C:\\tools\\www\\index.php on line 14, referer: http://localhost/
[Wed Oct 02 17:54:45.242400 2024] [php:warn] [pid 11908:tid 1204] [client ::1:43816] PHP Warning:  scandir(): (errno 2): No such file or directory in C:\\tools\\www\\index.php on line 14, referer: http://localhost/
[Wed Oct 02 17:54:45.242400 2024] [php:warn] [pid 11908:tid 1204] [client ::1:43816] PHP Warning:  foreach() argument must be of type array|object, false given in C:\\tools\\www\\index.php on line 29, referer: http://localhost/
[Wed Oct 02 17:56:04.221507 2024] [php:error] [pid 11908:tid 1224] [client ::1:44187] PHP Fatal error:  Cannot redeclare findIndexInFolder() (previously declared in C:\\tools\\www\\index.php:3) in C:\\tools\\www\\index.php on line 11, referer: http://localhost/
[Wed Oct 02 17:56:09.339706 2024] [php:error] [pid 11908:tid 1224] [client ::1:44187] PHP Fatal error:  Cannot redeclare findIndexInFolder() (previously declared in C:\\tools\\www\\index.php:3) in C:\\tools\\www\\index.php on line 11, referer: http://localhost/
[Wed Oct 02 18:36:44.521083 2024] [mpm_winnt:notice] [pid 35100:tid 388] AH00422: Parent: Received shutdown signal -- Shutting down the server.
[Wed Oct 02 18:36:46.547691 2024] [mpm_winnt:notice] [pid 11908:tid 368] AH00364: Child: All worker threads have exited.
[Wed Oct 02 18:36:46.567657 2024] [mpm_winnt:notice] [pid 35100:tid 388] AH00430: Parent: Child process 11908 exited successfully.
Starting the 'Apache2.4' service
The 'Apache2.4' service is running.
 load dynamic library 'intl' (tried: C:\\tools\\php8.3.12\\ext\\intl (Le module sp\xc3\xa9cifi\xc3\xa9 est introuvable), C:\\tools\\php8.3.12\\ext\\php_intl.dll (Le module sp\xc3\xa9cifi\xc3\xa9 est introuvable)) in Unknown on line 0
[Wed Oct 02 18:36:53.668643 2024] [mpm_winnt:notice] [pid 7840:tid 360] AH00455: Apache/2.4.62 (Win64) PHP/8.3.12 configured -- resuming normal operations
[Wed Oct 02 18:36:53.668643 2024] [mpm_winnt:notice] [pid 7840:tid 360] AH00456: Apache Lounge VS17 Server built: Sep  4 2024 10:31:52
[Wed Oct 02 18:36:53.668643 2024] [core:notice] [pid 7840:tid 360] AH00094: Command line: 'C:\\tools\\Apache24\\bin\\httpd.exe -d C:/tools/Apache24'
[Wed Oct 02 18:36:53.672643 2024] [mpm_winnt:notice] [pid 7840:tid 360] AH00418: Parent: Created child process 35048
PHP Warning:  PHP Startup: Unable to load dynamic library 'intl' (tried: C:\\tools\\php8.3.12\\ext\\intl (Le module sp\xc3\xa9cifi\xc3\xa9 est introuvable), C:\\tools\\php8.3.12\\ext\\php_intl.dll (Le module sp\xc3\xa9cifi\xc3\xa9 est introuvable)) in Unknown on line 0
[Wed Oct 02 18:36:54.115687 2024] [mpm_winnt:notice] [pid 35048:tid 384] AH00354: Child: Starting 64 worker threads.
[Wed Oct 02 18:38:24.814885 2024] [mpm_winnt:notice] [pid 7840:tid 360] AH00422: Parent: Received shutdown signal -- Shutting down the server.
[Wed Oct 02 18:38:29.338214 2024] [mpm_winnt:notice] [pid 35048:tid 384] AH00364: Child: All worker threads have exited.
[Wed Oct 02 18:38:29.358394 2024] [mpm_winnt:notice] [pid 7840:tid 360] AH00430: Parent: Child process 35048 exited successfully.
Starting the 'Apache2.4' service
The 'Apache2.4' service is running.
 load dynamic library 'intl' (tried: C:\\tools\\php8.3.12\\ext\\intl (Le module sp\xc3\xa9cifi\xc3\xa9 est introuvable), C:\\tools\\php8.3.12\\ext\\php_intl.dll (Le module sp\xc3\xa9cifi\xc3\xa9 est introuvable)) in Unknown on line 0
[Wed Oct 02 18:38:33.627816 2024] [mpm_winnt:notice] [pid 17552:tid 384] AH00455: Apache/2.4.62 (Win64) PHP/8.3.12 configured -- resuming normal operations
[Wed Oct 02 18:38:33.627816 2024] [mpm_winnt:notice] [pid 17552:tid 384] AH00456: Apache Lounge VS17 Server built: Sep  4 2024 10:31:52
[Wed Oct 02 18:38:33.627816 2024] [core:notice] [pid 17552:tid 384] AH00094: Command line: 'C:\\tools\\Apache24\\bin\\httpd.exe -d C:/tools/Apache24'
[Wed Oct 02 18:38:33.631781 2024] [mpm_winnt:notice] [pid 17552:tid 384] AH00418: Parent: Created child process 34620
PHP Warning:  PHP Startup: Unable to load dynamic library 'intl' (tried: C:\\tools\\php8.3.12\\ext\\intl (Le module sp\xc3\xa9cifi\xc3\xa9 est introuvable), C:\\tools\\php8.3.12\\ext\\php_intl.dll (Le module sp\xc3\xa9cifi\xc3\xa9 est introuvable)) in Unknown on line 0
[Wed Oct 02 18:38:34.077745 2024] [mpm_winnt:notice] [pid 34620:tid 368] AH00354: Child: Starting 64 worker threads.
[Wed Oct 02 18:39:30.105070 2024] [mpm_winnt:notice] [pid 17552:tid 384] AH00422: Parent: Received shutdown signal -- Shutting down the server.
[Wed Oct 02 18:39:32.116528 2024] [mpm_winnt:notice] [pid 34620:tid 368] AH00364: Child: All worker threads have exited.
[Wed Oct 02 18:39:32.138530 2024] [mpm_winnt:notice] [pid 17552:tid 384] AH00430: Parent: Child process 34620 exited successfully.
Starting the 'Apache2.4' service
The 'Apache2.4' service is running.
 load dynamic library 'intl' (tried: C:\\tools\\php8.3.12\\ext\\intl (Le module sp\xc3\xa9cifi\xc3\xa9 est introuvable), C:\\tools\\php8.3.12\\ext\\php_intl.dll (Le module sp\xc3\xa9cifi\xc3\xa9 est introuvable)) in Unknown on line 0
[Wed Oct 02 18:39:35.374969 2024] [mpm_winnt:notice] [pid 14024:tid 376] AH00455: Apache/2.4.62 (Win64) PHP/8.3.12 configured -- resuming normal operations
[Wed Oct 02 18:39:35.374969 2024] [mpm_winnt:notice] [pid 14024:tid 376] AH00456: Apache Lounge VS17 Server built: Sep  4 2024 10:31:52
[Wed Oct 02 18:39:35.374969 2024] [core:notice] [pid 14024:tid 376] AH00094: Command line: 'C:\\tools\\Apache24\\bin\\httpd.exe -d C:/tools/Apache24'
[Wed Oct 02 18:39:35.378972 2024] [mpm_winnt:notice] [pid 14024:tid 376] AH00418: Parent: Created child process 8664
PHP Warning:  PHP Startup: Unable to load dynamic library 'intl' (tried: C:\\tools\\php8.3.12\\ext\\intl (Le module sp\xc3\xa9cifi\xc3\xa9 est introuvable), C:\\tools\\php8.3.12\\ext\\php_intl.dll (Le module sp\xc3\xa9cifi\xc3\xa9 est introuvable)) in Unknown on line 0
[Wed Oct 02 18:39:35.795749 2024] [mpm_winnt:notice] [pid 8664:tid 368] AH00354: Child: Starting 64 worker threads.
[Wed Oct 02 18:44:30.001453 2024] [mpm_winnt:notice] [pid 14024:tid 376] AH00422: Parent: Received shutdown signal -- Shutting down the server.
[Wed Oct 02 18:44:32.021119 2024] [mpm_winnt:notice] [pid 8664:tid 368] AH00364: Child: All worker threads have exited.
[Wed Oct 02 18:44:32.042083 2024] [mpm_winnt:notice] [pid 14024:tid 376] AH00430: Parent: Child process 8664 exited successfully.
Starting the 'Apache2.4' service
The 'Apache2.4' service is running.
 load dynamic library 'intl' (tried: C:\\tools\\php8.3.12\\ext\\intl (Le module sp\xc3\xa9cifi\xc3\xa9 est introuvable), C:\\tools\\php8.3.12\\ext\\php_intl.dll (Le module sp\xc3\xa9cifi\xc3\xa9 est introuvable)) in Unknown on line 0
[Wed Oct 02 18:44:41.360488 2024] [mpm_winnt:notice] [pid 36832:tid 376] AH00455: Apache/2.4.62 (Win64) PHP/8.3.12 configured -- resuming normal operations
[Wed Oct 02 18:44:41.360488 2024] [mpm_winnt:notice] [pid 36832:tid 376] AH00456: Apache Lounge VS17 Server built: Sep  4 2024 10:31:52
[Wed Oct 02 18:44:41.360488 2024] [core:notice] [pid 36832:tid 376] AH00094: Command line: 'C:\\tools\\Apache24\\bin\\httpd.exe -d C:/tools/Apache24'
[Wed Oct 02 18:44:41.364487 2024] [mpm_winnt:notice] [pid 36832:tid 376] AH00418: Parent: Created child process 4864
PHP Warning:  PHP Startup: Unable to load dynamic library 'intl' (tried: C:\\tools\\php8.3.12\\ext\\intl (Le module sp\xc3\xa9cifi\xc3\xa9 est introuvable), C:\\tools\\php8.3.12\\ext\\php_intl.dll (Le module sp\xc3\xa9cifi\xc3\xa9 est introuvable)) in Unknown on line 0
[Wed Oct 02 18:44:41.802784 2024] [mpm_winnt:notice] [pid 4864:tid 412] AH00354: Child: Starting 64 worker threads.
[Wed Oct 02 18:46:38.807909 2024] [mpm_winnt:notice] [pid 36832:tid 376] AH00422: Parent: Received shutdown signal -- Shutting down the server.
[Wed Oct 02 18:46:40.832977 2024] [mpm_winnt:notice] [pid 4864:tid 412] AH00364: Child: All worker threads have exited.
[Wed Oct 02 18:46:40.853919 2024] [mpm_winnt:notice] [pid 36832:tid 376] AH00430: Parent: Child process 4864 exited successfully.
Starting the 'Apache2.4' service
The 'Apache2.4' service is running.
d Oct 02 18:46:50.793445 2024] [mpm_winnt:crit] [pid 26464:tid 372] (OS 1056)Une instance du service s’exécute déjà.  : AH00378: Failed to start the 'Apache2.4' service
PHP Warning:  PHP Startup: Unable to load dynamic library 'intl' (tried: C:\\tools\\php8.3.12\\ext\\intl (Le module sp\xc3\xa9cifi\xc3\xa9 est introuvable), C:\\tools\\php8.3.12\\ext\\php_intl.dll (Le module sp\xc3\xa9cifi\xc3\xa9 est introuvable)) in Unknown on line 0
[Wed Oct 02 18:46:51.079477 2024] [mpm_winnt:notice] [pid 23724:tid 356] AH00455: Apache/2.4.62 (Win64) PHP/8.3.12 configured -- resuming normal operations
[Wed Oct 02 18:46:51.079477 2024] [mpm_winnt:notice] [pid 23724:tid 356] AH00456: Apache Lounge VS17 Server built: Sep  4 2024 10:31:52
[Wed Oct 02 18:46:51.079477 2024] [core:notice] [pid 23724:tid 356] AH00094: Command line: 'C:\\tools\\Apache24\\bin\\httpd.exe -d C:/tools/Apache24'
[Wed Oct 02 18:46:51.083441 2024] [mpm_winnt:notice] [pid 23724:tid 356] AH00418: Parent: Created child process 12500
PHP Warning:  PHP Startup: Unable to load dynamic library 'intl' (tried: C:\\tools\\php8.3.12\\ext\\intl (Le module sp\xc3\xa9cifi\xc3\xa9 est introuvable), C:\\tools\\php8.3.12\\ext\\php_intl.dll (Le module sp\xc3\xa9cifi\xc3\xa9 est introuvable)) in Unknown on line 0
[Wed Oct 02 18:46:51.509256 2024] [mpm_winnt:notice] [pid 12500:tid 404] AH00354: Child: Starting 64 worker threads.
[Wed Oct 02 18:48:32.056635 2024] [mpm_winnt:notice] [pid 23724:tid 356] AH00422: Parent: Received shutdown signal -- Shutting down the server.
[Wed Oct 02 18:48:58.317097 2024] [mpm_winnt:notice] [pid 12500:tid 404] AH00364: Child: All worker threads have exited.
[Wed Oct 02 18:48:58.340183 2024] [mpm_winnt:notice] [pid 23724:tid 356] AH00430: Parent: Child process 12500 exited successfully.
Starting the 'Apache2.4' service
The 'Apache2.4' service is running.
 load dynamic library 'intl' (tried: C:\\tools\\php8.3.12\\ext\\intl (Le module sp\xc3\xa9cifi\xc3\xa9 est introuvable), C:\\tools\\php8.3.12\\ext\\php_intl.dll (Le module sp\xc3\xa9cifi\xc3\xa9 est introuvable)) in Unknown on line 0
[Wed Oct 02 18:49:05.225942 2024] [mpm_winnt:notice] [pid 22460:tid 352] AH00455: Apache/2.4.62 (Win64) PHP/8.3.12 configured -- resuming normal operations
[Wed Oct 02 18:49:05.225942 2024] [mpm_winnt:notice] [pid 22460:tid 352] AH00456: Apache Lounge VS17 Server built: Sep  4 2024 10:31:52
[Wed Oct 02 18:49:05.225942 2024] [core:notice] [pid 22460:tid 352] AH00094: Command line: 'C:\\tools\\Apache24\\bin\\httpd.exe -d C:/tools/Apache24'
[Wed Oct 02 18:49:05.230014 2024] [mpm_winnt:notice] [pid 22460:tid 352] AH00418: Parent: Created child process 25420
PHP Warning:  PHP Startup: Unable to load dynamic library 'intl' (tried: C:\\tools\\php8.3.12\\ext\\intl (Le module sp\xc3\xa9cifi\xc3\xa9 est introuvable), C:\\tools\\php8.3.12\\ext\\php_intl.dll (Le module sp\xc3\xa9cifi\xc3\xa9 est introuvable)) in Unknown on line 0
[Wed Oct 02 18:49:05.669752 2024] [mpm_winnt:notice] [pid 25420:tid 368] AH00354: Child: Starting 64 worker threads.
[Wed Oct 02 18:56:03.269746 2024] [mpm_winnt:notice] [pid 22460:tid 352] AH00422: Parent: Received shutdown signal -- Shutting down the server.
[Wed Oct 02 18:56:05.275387 2024] [mpm_winnt:notice] [pid 25420:tid 368] AH00364: Child: All worker threads have exited.
[Wed Oct 02 18:56:05.295566 2024] [mpm_winnt:notice] [pid 22460:tid 352] AH00430: Parent: Child process 25420 exited successfully.
Starting the 'Apache2.4' service
The 'Apache2.4' service is running.
 load dynamic library 'intl' (tried: C:\\tools\\php8.3.12\\ext\\intl (Le module sp\xc3\xa9cifi\xc3\xa9 est introuvable), C:\\tools\\php8.3.12\\ext\\php_intl.dll (Le module sp\xc3\xa9cifi\xc3\xa9 est introuvable)) in Unknown on line 0
[Wed Oct 02 18:56:10.334209 2024] [mpm_winnt:notice] [pid 35892:tid 392] AH00455: Apache/2.4.62 (Win64) PHP/8.3.12 configured -- resuming normal operations
[Wed Oct 02 18:56:10.334209 2024] [mpm_winnt:notice] [pid 35892:tid 392] AH00456: Apache Lounge VS17 Server built: Sep  4 2024 10:31:52
[Wed Oct 02 18:56:10.334209 2024] [core:notice] [pid 35892:tid 392] AH00094: Command line: 'C:\\tools\\Apache24\\bin\\httpd.exe -d C:/tools/Apache24'
[Wed Oct 02 18:56:10.338313 2024] [mpm_winnt:notice] [pid 35892:tid 392] AH00418: Parent: Created child process 13420
PHP Warning:  PHP Startup: Unable to load dynamic library 'intl' (tried: C:\\tools\\php8.3.12\\ext\\intl (Le module sp\xc3\xa9cifi\xc3\xa9 est introuvable), C:\\tools\\php8.3.12\\ext\\php_intl.dll (Le module sp\xc3\xa9cifi\xc3\xa9 est introuvable)) in Unknown on line 0
[Wed Oct 02 18:56:10.792231 2024] [mpm_winnt:notice] [pid 13420:tid 368] AH00354: Child: Starting 64 worker threads.
[Wed Oct 02 20:45:21.313191 2024] [core:alert] [pid 13420:tid 1188] [client ::1:9104] C:/tools/www/portfolio_melchior/.htaccess: Invalid command 'RewriteEngine', perhaps misspelled or defined by a module not included in the server configuration, referer: http://localhost/index.php
[Wed Oct 02 20:45:49.922615 2024] [core:alert] [pid 13420:tid 1196] [client ::1:9105] C:/tools/www/portfolio_melchior/.htaccess: Invalid command 'RewriteEngine', perhaps misspelled or defined by a module not included in the server configuration, referer: http://localhost/index.php
[Wed Oct 02 20:46:18.985821 2024] [mpm_winnt:notice] [pid 35892:tid 392] AH00422: Parent: Received shutdown signal -- Shutting down the server.
[Wed Oct 02 20:46:48.994429 2024] [mpm_winnt:notice] [pid 35892:tid 392] AH00431: Parent: Forcing termination of child process 13420
Starting the 'Apache2.4' service
The 'Apache2.4' service is running.
 load dynamic library 'intl' (tried: C:\\tools\\php8.3.12\\ext\\intl (Le module sp\xc3\xa9cifi\xc3\xa9 est introuvable), C:\\tools\\php8.3.12\\ext\\php_intl.dll (Le module sp\xc3\xa9cifi\xc3\xa9 est introuvable)) in Unknown on line 0
[Wed Oct 02 20:46:54.456183 2024] [mpm_winnt:notice] [pid 36172:tid 352] AH00455: Apache/2.4.62 (Win64) PHP/8.3.12 configured -- resuming normal operations
[Wed Oct 02 20:46:54.456183 2024] [mpm_winnt:notice] [pid 36172:tid 352] AH00456: Apache Lounge VS17 Server built: Sep  4 2024 10:31:52
[Wed Oct 02 20:46:54.456183 2024] [core:notice] [pid 36172:tid 352] AH00094: Command line: 'C:\\tools\\Apache24\\bin\\httpd.exe -d C:/tools/Apache24'
[Wed Oct 02 20:46:54.459693 2024] [mpm_winnt:notice] [pid 36172:tid 352] AH00418: Parent: Created child process 9800
PHP Warning:  PHP Startup: Unable to load dynamic library 'intl' (tried: C:\\tools\\php8.3.12\\ext\\intl (Le module sp\xc3\xa9cifi\xc3\xa9 est introuvable), C:\\tools\\php8.3.12\\ext\\php_intl.dll (Le module sp\xc3\xa9cifi\xc3\xa9 est introuvable)) in Unknown on line 0
[Wed Oct 02 20:46:54.892800 2024] [mpm_winnt:notice] [pid 9800:tid 368] AH00354: Child: Starting 64 worker threads.
[Wed Oct 02 20:46:54.896803 2024] [core:alert] [pid 9800:tid 1192] [client ::1:9507] C:/tools/www/portfolio_melchior/.htaccess: Invalid command 'RewriteEngine', perhaps misspelled or defined by a module not included in the server configuration, referer: http://localhost/index.php
[Wed Oct 02 20:46:57.575701 2024] [core:alert] [pid 9800:tid 1220] [client ::1:9508] C:/tools/www/portfolio_melchior/.htaccess: Invalid command 'RewriteEngine', perhaps misspelled or defined by a module not included in the server configuration, referer: http://localhost/index.php
[Wed Oct 02 20:55:07.684544 2024] [mpm_winnt:notice] [pid 36172:tid 352] AH00422: Parent: Received shutdown signal -- Shutting down the server.
[Wed Oct 02 20:55:09.697315 2024] [mpm_winnt:notice] [pid 9800:tid 368] AH00364: Child: All worker threads have exited.
[Wed Oct 02 20:55:09.718354 2024] [mpm_winnt:notice] [pid 36172:tid 352] AH00430: Parent: Child process 9800 exited successfully.
Starting the 'Apache2.4' service
The 'Apache2.4' service is running.
 load dynamic library 'intl' (tried: C:\\tools\\php8.3.12\\ext\\intl (Le module sp\xc3\xa9cifi\xc3\xa9 est introuvable), C:\\tools\\php8.3.12\\ext\\php_intl.dll (Le module sp\xc3\xa9cifi\xc3\xa9 est introuvable)) in Unknown on line 0
[Wed Oct 02 20:55:17.261621 2024] [mpm_winnt:notice] [pid 14004:tid 352] AH00455: Apache/2.4.62 (Win64) PHP/8.3.12 configured -- resuming normal operations
[Wed Oct 02 20:55:17.261621 2024] [mpm_winnt:notice] [pid 14004:tid 352] AH00456: Apache Lounge VS17 Server built: Sep  4 2024 10:31:52
[Wed Oct 02 20:55:17.261621 2024] [core:notice] [pid 14004:tid 352] AH00094: Command line: 'C:\\tools\\Apache24\\bin\\httpd.exe -d C:/tools/Apache24'
[Wed Oct 02 20:55:17.265607 2024] [mpm_winnt:notice] [pid 14004:tid 352] AH00418: Parent: Created child process 11996
PHP Warning:  PHP Startup: Unable to load dynamic library 'intl' (tried: C:\\tools\\php8.3.12\\ext\\intl (Le module sp\xc3\xa9cifi\xc3\xa9 est introuvable), C:\\tools\\php8.3.12\\ext\\php_intl.dll (Le module sp\xc3\xa9cifi\xc3\xa9 est introuvable)) in Unknown on line 0
[Wed Oct 02 20:55:17.673777 2024] [mpm_winnt:notice] [pid 11996:tid 368] AH00354: Child: Starting 64 worker threads.
[Wed Oct 02 20:56:02.430978 2024] [mpm_winnt:notice] [pid 14004:tid 352] AH00422: Parent: Received shutdown signal -- Shutting down the server.
[Wed Oct 02 20:56:32.106987 2024] [mpm_winnt:notice] [pid 11996:tid 368] AH00364: Child: All worker threads have exited.
[Wed Oct 02 20:56:32.129594 2024] [mpm_winnt:notice] [pid 14004:tid 352] AH00430: Parent: Child process 11996 exited successfully.
Starting the 'Apache2.4' service
The 'Apache2.4' service is running.
 load dynamic library 'intl' (tried: C:\\tools\\php8.3.12\\ext\\intl (Le module sp\xc3\xa9cifi\xc3\xa9 est introuvable), C:\\tools\\php8.3.12\\ext\\php_intl.dll (Le module sp\xc3\xa9cifi\xc3\xa9 est introuvable)) in Unknown on line 0
[Wed Oct 02 20:56:39.414206 2024] [mpm_winnt:notice] [pid 18600:tid 352] AH00455: Apache/2.4.62 (Win64) PHP/8.3.12 configured -- resuming normal operations
[Wed Oct 02 20:56:39.414206 2024] [mpm_winnt:notice] [pid 18600:tid 352] AH00456: Apache Lounge VS17 Server built: Sep  4 2024 10:31:52
[Wed Oct 02 20:56:39.414206 2024] [core:notice] [pid 18600:tid 352] AH00094: Command line: 'C:\\tools\\Apache24\\bin\\httpd.exe -d C:/tools/Apache24'
[Wed Oct 02 20:56:39.417208 2024] [mpm_winnt:notice] [pid 18600:tid 352] AH00418: Parent: Created child process 36020
PHP Warning:  PHP Startup: Unable to load dynamic library 'intl' (tried: C:\\tools\\php8.3.12\\ext\\intl (Le module sp\xc3\xa9cifi\xc3\xa9 est introuvable), C:\\tools\\php8.3.12\\ext\\php_intl.dll (Le module sp\xc3\xa9cifi\xc3\xa9 est introuvable)) in Unknown on line 0
[Wed Oct 02 20:56:39.848232 2024] [mpm_winnt:notice] [pid 36020:tid 384] AH00354: Child: Starting 64 worker threads.
[Wed Oct 02 21:09:56.375812 2024] [mpm_winnt:notice] [pid 18600:tid 352] AH00422: Parent: Received shutdown signal -- Shutting down the server.
[Wed Oct 02 21:10:00.269888 2024] [mpm_winnt:notice] [pid 36020:tid 384] AH00364: Child: All worker threads have exited.
[Wed Oct 02 21:10:00.310972 2024] [mpm_winnt:notice] [pid 18600:tid 352] AH00430: Parent: Child process 36020 exited successfully.
Starting the 'Apache2.4' service
The 'Apache2.4' service is running.
 load dynamic library 'intl' (tried: C:\\tools\\php8.3.12\\ext\\intl (Le module sp\xc3\xa9cifi\xc3\xa9 est introuvable), C:\\tools\\php8.3.12\\ext\\php_intl.dll (Le module sp\xc3\xa9cifi\xc3\xa9 est introuvable)) in Unknown on line 0
[Wed Oct 02 21:10:06.587549 2024] [mpm_winnt:notice] [pid 32604:tid 372] AH00455: Apache/2.4.62 (Win64) PHP/8.3.12 configured -- resuming normal operations
[Wed Oct 02 21:10:06.587549 2024] [mpm_winnt:notice] [pid 32604:tid 372] AH00456: Apache Lounge VS17 Server built: Sep  4 2024 10:31:52
[Wed Oct 02 21:10:06.587549 2024] [core:notice] [pid 32604:tid 372] AH00094: Command line: 'C:\\tools\\Apache24\\bin\\httpd.exe -d C:/tools/Apache24'
[Wed Oct 02 21:10:06.590931 2024] [mpm_winnt:notice] [pid 32604:tid 372] AH00418: Parent: Created child process 6796
PHP Warning:  PHP Startup: Unable to load dynamic library 'intl' (tried: C:\\tools\\php8.3.12\\ext\\intl (Le module sp\xc3\xa9cifi\xc3\xa9 est introuvable), C:\\tools\\php8.3.12\\ext\\php_intl.dll (Le module sp\xc3\xa9cifi\xc3\xa9 est introuvable)) in Unknown on line 0
[Wed Oct 02 21:10:07.033872 2024] [mpm_winnt:notice] [pid 6796:tid 368] AH00354: Child: Starting 64 worker threads.
The 'Apache2.4' service is restarting.
The 'Apache2.4' service has restarted.
winnt:notice] [pid 32604:tid 372] AH00424: Parent: Received restart signal -- Restarting the server.
PHP Warning:  PHP Startup: Unable to load dynamic library 'intl' (tried: C:\\tools\\php8.3.12\\ext\\intl (Le module sp\xc3\xa9cifi\xc3\xa9 est introuvable), C:\\tools\\php8.3.12\\ext\\php_intl.dll (Le module sp\xc3\xa9cifi\xc3\xa9 est introuvable)) in Unknown on line 0
[Wed Oct 02 21:11:58.978862 2024] [mpm_winnt:notice] [pid 32604:tid 372] AH00455: Apache/2.4.62 (Win64) PHP/8.3.12 configured -- resuming normal operations
[Wed Oct 02 21:11:58.978862 2024] [mpm_winnt:notice] [pid 32604:tid 372] AH00456: Apache Lounge VS17 Server built: Sep  4 2024 10:31:52
[Wed Oct 02 21:11:58.979862 2024] [core:notice] [pid 32604:tid 372] AH00094: Command line: 'C:\\tools\\Apache24\\bin\\httpd.exe -d C:/tools/Apache24'
[Wed Oct 02 21:11:58.983374 2024] [mpm_winnt:notice] [pid 32604:tid 372] AH00418: Parent: Created child process 13348
PHP Warning:  PHP Startup: Unable to load dynamic library 'intl' (tried: C:\\tools\\php8.3.12\\ext\\intl (Le module sp\xc3\xa9cifi\xc3\xa9 est introuvable), C:\\tools\\php8.3.12\\ext\\php_intl.dll (Le module sp\xc3\xa9cifi\xc3\xa9 est introuvable)) in Unknown on line 0
[Wed Oct 02 21:11:59.958019 2024] [mpm_winnt:notice] [pid 13348:tid 368] AH00354: Child: Starting 64 worker threads.
[Wed Oct 02 21:12:00.969084 2024] [mpm_winnt:notice] [pid 6796:tid 368] AH00364: Child: All worker threads have exited.
[Wed Oct 02 21:12:06.922385 2024] [mpm_winnt:notice] [pid 32604:tid 372] AH00422: Parent: Received shutdown signal -- Shutting down the server.
[Wed Oct 02 21:12:08.940916 2024] [mpm_winnt:notice] [pid 13348:tid 368] AH00364: Child: All worker threads have exited.
[Wed Oct 02 21:12:08.962966 2024] [mpm_winnt:notice] [pid 32604:tid 372] AH00430: Parent: Child process 13348 exited successfully.
Starting the 'Apache2.4' service
The 'Apache2.4' service is running.
 load dynamic library 'intl' (tried: C:\\tools\\php8.3.12\\ext\\intl (Le module sp\xc3\xa9cifi\xc3\xa9 est introuvable), C:\\tools\\php8.3.12\\ext\\php_intl.dll (Le module sp\xc3\xa9cifi\xc3\xa9 est introuvable)) in Unknown on line 0
[Wed Oct 02 21:12:16.850046 2024] [mpm_winnt:notice] [pid 6744:tid 408] AH00455: Apache/2.4.62 (Win64) PHP/8.3.12 configured -- resuming normal operations
[Wed Oct 02 21:12:16.850046 2024] [mpm_winnt:notice] [pid 6744:tid 408] AH00456: Apache Lounge VS17 Server built: Sep  4 2024 10:31:52
[Wed Oct 02 21:12:16.850046 2024] [core:notice] [pid 6744:tid 408] AH00094: Command line: 'C:\\tools\\Apache24\\bin\\httpd.exe -d C:/tools/Apache24'
[Wed Oct 02 21:12:16.854054 2024] [mpm_winnt:notice] [pid 6744:tid 408] AH00418: Parent: Created child process 33008
PHP Warning:  PHP Startup: Unable to load dynamic library 'intl' (tried: C:\\tools\\php8.3.12\\ext\\intl (Le module sp\xc3\xa9cifi\xc3\xa9 est introuvable), C:\\tools\\php8.3.12\\ext\\php_intl.dll (Le module sp\xc3\xa9cifi\xc3\xa9 est introuvable)) in Unknown on line 0
[Wed Oct 02 21:12:17.293784 2024] [mpm_winnt:notice] [pid 33008:tid 368] AH00354: Child: Starting 64 worker threads.
[Wed Oct 02 21:16:33.192988 2024] [mpm_winnt:notice] [pid 6744:tid 408] AH00422: Parent: Received shutdown signal -- Shutting down the server.
[Wed Oct 02 21:16:35.203971 2024] [mpm_winnt:notice] [pid 33008:tid 368] AH00364: Child: All worker threads have exited.
[Wed Oct 02 21:16:35.230160 2024] [mpm_winnt:notice] [pid 6744:tid 408] AH00430: Parent: Child process 33008 exited successfully.
Starting the 'Apache2.4' service
The 'Apache2.4' service is running.
 load dynamic library 'intl' (tried: C:\\tools\\php8.3.12\\ext\\intl (Le module sp\xc3\xa9cifi\xc3\xa9 est introuvable), C:\\tools\\php8.3.12\\ext\\php_intl.dll (Le module sp\xc3\xa9cifi\xc3\xa9 est introuvable)) in Unknown on line 0
[Wed Oct 02 21:16:43.775939 2024] [mpm_winnt:notice] [pid 33960:tid 352] AH00455: Apache/2.4.62 (Win64) PHP/8.3.12 configured -- resuming normal operations
[Wed Oct 02 21:16:43.775939 2024] [mpm_winnt:notice] [pid 33960:tid 352] AH00456: Apache Lounge VS17 Server built: Sep  4 2024 10:31:52
[Wed Oct 02 21:16:43.775939 2024] [core:notice] [pid 33960:tid 352] AH00094: Command line: 'C:\\tools\\Apache24\\bin\\httpd.exe -d C:/tools/Apache24'
[Wed Oct 02 21:16:43.779980 2024] [mpm_winnt:notice] [pid 33960:tid 352] AH00418: Parent: Created child process 26200
PHP Warning:  PHP Startup: Unable to load dynamic library 'intl' (tried: C:\\tools\\php8.3.12\\ext\\intl (Le module sp\xc3\xa9cifi\xc3\xa9 est introuvable), C:\\tools\\php8.3.12\\ext\\php_intl.dll (Le module sp\xc3\xa9cifi\xc3\xa9 est introuvable)) in Unknown on line 0
[Wed Oct 02 21:16:44.239028 2024] [mpm_winnt:notice] [pid 26200:tid 384] AH00354: Child: Starting 64 worker threads.
